<?xml version="1.0" encoding="UTF-8"?>
<!-- Generated by org.testng.reporters.JUnitReportReporter -->
<testsuite hostname="LAPTOP-60OOO3EL" failures="0" tests="1" name="PS1" time="0.041" errors="0" timestamp="2024-07-25T20:36:42 PDT" skipped="0">
  <testcase classname="PS1" name="testRun" time="0.041"/>
  <system-out/>
</testsuite> <!-- PS1 -->
